<?xml version='1.0' encoding='UTF-8'?>
<repository xmlns="http://www.osgi.org/xmlns/repository/v1.0.0" name="app" increment="1543490504924">
  <resource>
    <capability namespace="osgi.identity">
      <attribute name="license" value="http://www.apache.org/licenses/LICENSE-2.0.txt"/>
      <attribute name="osgi.identity" value="org.apache.felix.webconsole"/>
      <attribute name="type" value="osgi.bundle"/>
      <attribute name="version" value="4.3.4" type="Version"/>
      <attribute name="documentation" value="http://felix.apache.org/site/apache-felix-web-console.html"/>
    </capability>
    <capability namespace="osgi.wiring.bundle">
      <attribute name="bundle-version" value="4.3.4" type="Version"/>
      <attribute name="osgi.wiring.bundle" value="org.apache.felix.webconsole"/>
    </capability>
    <capability namespace="osgi.wiring.host">
      <attribute name="bundle-version" value="4.3.4" type="Version"/>
      <attribute name="osgi.wiring.host" value="org.apache.felix.webconsole"/>
    </capability>
    <capability namespace="osgi.wiring.package">
      <directive name="uses" value="javax.servlet,javax.servlet.http,org.osgi.framework"/>
      <attribute name="version" value="3.3.0" type="Version"/>
      <attribute name="osgi.wiring.package" value="org.apache.felix.webconsole"/>
    </capability>
    <capability namespace="osgi.wiring.package">
      <directive name="uses" value="org.osgi.framework"/>
      <attribute name="version" value="1.0.0" type="Version"/>
      <attribute name="osgi.wiring.package" value="org.apache.felix.webconsole.bundleinfo"/>
    </capability>
    <capability namespace="osgi.wiring.package">
      <directive name="uses" value="org.osgi.framework"/>
      <attribute name="version" value="1.0.0" type="Version"/>
      <attribute name="osgi.wiring.package" value="org.apache.felix.webconsole.i18n"/>
    </capability>
    <capability namespace="osgi.content">
      <attribute name="size" value="477594" type="Long"/>
      <attribute name="url" value="file:/Users/peterkir/.m2/repository/org/apache/felix/org.apache.felix.webconsole/4.3.4/org.apache.felix.webconsole-4.3.4.jar"/>
      <attribute name="mime" value="application/vnd.osgi.bundle"/>
      <attribute name="osgi.content" value="40E426C13F908DAB716241C96B208BE73FD4188629C187B3991ACB9F340CFF8A"/>
    </capability>
    <requirement namespace="osgi.wiring.package">
      <directive name="filter" value="(&amp;(osgi.wiring.package=javax.servlet)(&amp;(version&gt;=2.4.0)(!(version&gt;=4.0.0))))"/>
    </requirement>
    <requirement namespace="osgi.wiring.package">
      <directive name="filter" value="(&amp;(osgi.wiring.package=javax.servlet.http)(&amp;(version&gt;=2.4.0)(!(version&gt;=4.0.0))))"/>
    </requirement>
    <requirement namespace="osgi.wiring.package">
      <directive name="filter" value="(&amp;(osgi.wiring.package=org.apache.commons.io)(&amp;(version&gt;=1.4.0)(!(version&gt;=3.0.0))))"/>
    </requirement>
    <requirement namespace="osgi.wiring.package">
      <directive name="filter" value="(&amp;(osgi.wiring.package=org.apache.commons.fileupload)(&amp;(version&gt;=1.2.0)(!(version&gt;=2.0.0))))"/>
    </requirement>
    <requirement namespace="osgi.wiring.package">
      <directive name="filter" value="(&amp;(osgi.wiring.package=org.apache.commons.fileupload.disk)(&amp;(version&gt;=1.2.0)(!(version&gt;=2.0.0))))"/>
    </requirement>
    <requirement namespace="osgi.wiring.package">
      <directive name="filter" value="(&amp;(osgi.wiring.package=org.apache.commons.fileupload.servlet)(&amp;(version&gt;=1.2.0)(!(version&gt;=2.0.0))))"/>
    </requirement>
    <requirement namespace="osgi.wiring.package">
      <directive name="filter" value="(&amp;(osgi.wiring.package=org.apache.felix.webconsole)(&amp;(version&gt;=3.3.0)(!(version&gt;=3.4.0))))"/>
    </requirement>
    <requirement namespace="osgi.wiring.package">
      <directive name="filter" value="(&amp;(osgi.wiring.package=org.apache.felix.webconsole.bundleinfo)(&amp;(version&gt;=1.0.0)(!(version&gt;=1.1.0))))"/>
    </requirement>
    <requirement namespace="osgi.wiring.package">
      <directive name="filter" value="(&amp;(osgi.wiring.package=org.osgi.framework)(&amp;(version&gt;=1.6.0)(!(version&gt;=2.0.0))))"/>
    </requirement>
    <requirement namespace="osgi.wiring.package">
      <directive name="filter" value="(&amp;(osgi.wiring.package=org.osgi.service.http)(&amp;(version&gt;=1.2.0)(!(version&gt;=2.0.0))))"/>
    </requirement>
    <requirement namespace="osgi.wiring.package">
      <directive name="filter" value="(&amp;(osgi.wiring.package=org.osgi.service.packageadmin)(&amp;(version&gt;=1.2.0)(!(version&gt;=2.0.0))))"/>
    </requirement>
    <requirement namespace="osgi.wiring.package">
      <directive name="filter" value="(&amp;(osgi.wiring.package=org.osgi.service.startlevel)(&amp;(version&gt;=1.1.0)(!(version&gt;=2.0.0))))"/>
    </requirement>
    <requirement namespace="osgi.wiring.package">
      <directive name="filter" value="(&amp;(osgi.wiring.package=org.osgi.util.tracker)(&amp;(version&gt;=1.3.0)(!(version&gt;=2.0.0))))"/>
    </requirement>
    <requirement namespace="osgi.ee">
      <directive name="filter" value="(&amp;(osgi.ee=JavaSE)(version=1.6))"/>
    </requirement>
  </resource>
  <resource>
    <capability namespace="osgi.identity">
      <attribute name="license" value="http://www.apache.org/licenses/LICENSE-2.0.txt"/>
      <attribute name="osgi.identity" value="org.apache.felix.webconsole.plugins.ds"/>
      <attribute name="type" value="osgi.bundle"/>
      <attribute name="version" value="2.0.8" type="Version"/>
      <attribute name="documentation" value="http://www.apache.org/"/>
    </capability>
    <capability namespace="osgi.wiring.bundle">
      <attribute name="bundle-version" value="2.0.8" type="Version"/>
      <attribute name="osgi.wiring.bundle" value="org.apache.felix.webconsole.plugins.ds"/>
    </capability>
    <capability namespace="osgi.wiring.host">
      <attribute name="bundle-version" value="2.0.8" type="Version"/>
      <attribute name="osgi.wiring.host" value="org.apache.felix.webconsole.plugins.ds"/>
    </capability>
    <capability namespace="osgi.content">
      <attribute name="size" value="46610" type="Long"/>
      <attribute name="url" value="file:/Users/peterkir/.m2/repository/org/apache/felix/org.apache.felix.webconsole.plugins.ds/2.0.8/org.apache.felix.webconsole.plugins.ds-2.0.8.jar"/>
      <attribute name="mime" value="application/vnd.osgi.bundle"/>
      <attribute name="osgi.content" value="94E37DA01C9A771045C0A6F3B29FB03A72CD77479E269F7B26E7E9557D7CE9F8"/>
    </capability>
    <requirement namespace="osgi.wiring.package">
      <directive name="filter" value="(&amp;(osgi.wiring.package=org.osgi.service.cm)(&amp;(version&gt;=1.2.0)(!(version&gt;=2.0.0))))"/>
      <directive name="resolution" value="optional"/>
    </requirement>
    <requirement namespace="osgi.wiring.package">
      <directive name="filter" value="(&amp;(osgi.wiring.package=org.osgi.service.metatype)(&amp;(version&gt;=1.2.0)(!(version&gt;=2.0.0))))"/>
      <directive name="resolution" value="optional"/>
    </requirement>
    <requirement namespace="osgi.wiring.package">
      <directive name="filter" value="(&amp;(osgi.wiring.package=javax.servlet))"/>
    </requirement>
    <requirement namespace="osgi.wiring.package">
      <directive name="filter" value="(&amp;(osgi.wiring.package=javax.servlet.http))"/>
    </requirement>
    <requirement namespace="osgi.wiring.package">
      <directive name="filter" value="(&amp;(osgi.wiring.package=org.apache.felix.inventory)(&amp;(version&gt;=1.0.0)(!(version&gt;=2.0.0))))"/>
    </requirement>
    <requirement namespace="osgi.wiring.package">
      <directive name="filter" value="(&amp;(osgi.wiring.package=org.apache.felix.webconsole)(&amp;(version&gt;=3.1.0)(!(version&gt;=4.0.0))))"/>
    </requirement>
    <requirement namespace="osgi.wiring.package">
      <directive name="filter" value="(&amp;(osgi.wiring.package=org.apache.felix.webconsole.bundleinfo)(&amp;(version&gt;=1.0.0)(!(version&gt;=2.0.0))))"/>
    </requirement>
    <requirement namespace="osgi.wiring.package">
      <directive name="filter" value="(&amp;(osgi.wiring.package=org.apache.felix.webconsole.i18n)(&amp;(version&gt;=1.0.0)(!(version&gt;=2.0.0))))"/>
    </requirement>
    <requirement namespace="osgi.wiring.package">
      <directive name="filter" value="(&amp;(osgi.wiring.package=org.osgi.framework)(&amp;(version&gt;=1.8.0)(!(version&gt;=2.0.0))))"/>
    </requirement>
    <requirement namespace="osgi.wiring.package">
      <directive name="filter" value="(&amp;(osgi.wiring.package=org.osgi.framework.dto)(&amp;(version&gt;=1.8.0)(!(version&gt;=2.0.0))))"/>
    </requirement>
    <requirement namespace="osgi.wiring.package">
      <directive name="filter" value="(&amp;(osgi.wiring.package=org.osgi.service.component.runtime)(&amp;(version&gt;=1.3.0)(!(version&gt;=2.0.0))))"/>
    </requirement>
    <requirement namespace="osgi.wiring.package">
      <directive name="filter" value="(&amp;(osgi.wiring.package=org.osgi.service.component.runtime.dto)(&amp;(version&gt;=1.3.0)(!(version&gt;=2.0.0))))"/>
    </requirement>
    <requirement namespace="osgi.wiring.package">
      <directive name="filter" value="(&amp;(osgi.wiring.package=org.osgi.util.promise)(&amp;(version&gt;=1.0.0)(!(version&gt;=2.0.0))))"/>
    </requirement>
    <requirement namespace="osgi.wiring.package">
      <directive name="filter" value="(&amp;(osgi.wiring.package=org.osgi.util.tracker)(&amp;(version&gt;=1.5.0)(!(version&gt;=2.0.0))))"/>
    </requirement>
    <requirement namespace="osgi.ee">
      <directive name="filter" value="(&amp;(osgi.ee=JavaSE)(version=1.5))"/>
    </requirement>
  </resource>
  <resource>
    <capability namespace="osgi.identity">
      <attribute name="license" value="http://www.apache.org/licenses/LICENSE-2.0.txt"/>
      <attribute name="osgi.identity" value="org.apache.felix.inventory"/>
      <attribute name="type" value="osgi.bundle"/>
      <attribute name="version" value="1.0.4" type="Version"/>
      <attribute name="documentation" value="http://www.apache.org/"/>
    </capability>
    <capability namespace="osgi.wiring.bundle">
      <attribute name="bundle-version" value="1.0.4" type="Version"/>
      <attribute name="osgi.wiring.bundle" value="org.apache.felix.inventory"/>
    </capability>
    <capability namespace="osgi.wiring.host">
      <attribute name="bundle-version" value="1.0.4" type="Version"/>
      <attribute name="osgi.wiring.host" value="org.apache.felix.inventory"/>
    </capability>
    <capability namespace="osgi.wiring.package">
      <attribute name="version" value="1.0.0" type="Version"/>
      <attribute name="osgi.wiring.package" value="org.apache.felix.inventory"/>
    </capability>
    <capability namespace="osgi.content">
      <attribute name="size" value="51176" type="Long"/>
      <attribute name="url" value="file:/Users/peterkir/.m2/repository/org/apache/felix/org.apache.felix.inventory/1.0.4/org.apache.felix.inventory-1.0.4.jar"/>
      <attribute name="mime" value="application/vnd.osgi.bundle"/>
      <attribute name="osgi.content" value="84784CD914A48D95A81329E6E3CB4586C344A020021300405B2C82058429439B"/>
    </capability>
    <requirement namespace="osgi.wiring.package">
      <directive name="filter" value="(&amp;(osgi.wiring.package=org.apache.felix.inventory)(&amp;(version&gt;=1.0.0)(!(version&gt;=2.0.0))))"/>
    </requirement>
    <requirement namespace="osgi.wiring.package">
      <directive name="filter" value="(&amp;(osgi.wiring.package=org.osgi.framework)(&amp;(version&gt;=1.5.0)(!(version&gt;=2.0.0))))"/>
    </requirement>
    <requirement namespace="osgi.wiring.package">
      <directive name="filter" value="(&amp;(osgi.wiring.package=org.osgi.service.log)(&amp;(version&gt;=1.3.0)(!(version&gt;=2.0.0))))"/>
    </requirement>
    <requirement namespace="osgi.wiring.package">
      <directive name="filter" value="(&amp;(osgi.wiring.package=org.osgi.util.tracker)(&amp;(version&gt;=1.4.0)(!(version&gt;=2.0.0))))"/>
    </requirement>
  </resource>
  <resource>
    <capability namespace="osgi.identity">
      <attribute name="license" value="http://www.apache.org/licenses/LICENSE-2.0.txt"/>
      <attribute name="osgi.identity" value="org.apache.felix.gogo.shell"/>
      <attribute name="type" value="osgi.bundle"/>
      <attribute name="version" value="1.0.0" type="Version"/>
      <attribute name="documentation" value="http://www.apache.org/"/>
    </capability>
    <capability namespace="osgi.wiring.bundle">
      <attribute name="bundle-version" value="1.0.0" type="Version"/>
      <attribute name="osgi.wiring.bundle" value="org.apache.felix.gogo.shell"/>
    </capability>
    <capability namespace="osgi.wiring.host">
      <attribute name="bundle-version" value="1.0.0" type="Version"/>
      <attribute name="osgi.wiring.host" value="org.apache.felix.gogo.shell"/>
    </capability>
    <capability namespace="osgi.content">
      <attribute name="size" value="57662" type="Long"/>
      <attribute name="url" value="file:/Users/peterkir/.m2/repository/org/apache/felix/org.apache.felix.gogo.shell/1.0.0/org.apache.felix.gogo.shell-1.0.0.jar"/>
      <attribute name="mime" value="application/vnd.osgi.bundle"/>
      <attribute name="osgi.content" value="BDA2C61372A924739778F8D3A75794E11753A056AFE9FE94ED06E14D441F1B6E"/>
    </capability>
    <requirement namespace="osgi.wiring.package">
      <directive name="filter" value="(&amp;(osgi.wiring.package=org.apache.felix.service.command)(&amp;(version&gt;=1.0.0)(!(version&gt;=2.0.0))))"/>
    </requirement>
    <requirement namespace="osgi.wiring.package">
      <directive name="filter" value="(&amp;(osgi.wiring.package=org.osgi.framework)(&amp;(version&gt;=1.6.0)(!(version&gt;=2.0.0))))"/>
    </requirement>
    <requirement namespace="osgi.wiring.package">
      <directive name="filter" value="(&amp;(osgi.wiring.package=org.osgi.service.startlevel)(&amp;(version&gt;=1.1.0)(!(version&gt;=2.0.0))))"/>
    </requirement>
    <requirement namespace="osgi.wiring.package">
      <directive name="filter" value="(&amp;(osgi.wiring.package=org.osgi.util.tracker)(&amp;(version&gt;=1.5.0)(!(version&gt;=2.0.0))))"/>
    </requirement>
    <requirement namespace="osgi.ee">
      <directive name="filter" value="(&amp;(osgi.ee=JavaSE)(version=1.7))"/>
    </requirement>
  </resource>
  <resource>
    <capability namespace="osgi.identity">
      <attribute name="license" value="http://www.apache.org/licenses/LICENSE-2.0.txt"/>
      <attribute name="osgi.identity" value="org.apache.felix.gogo.runtime"/>
      <attribute name="type" value="osgi.bundle"/>
      <attribute name="version" value="1.0.10" type="Version"/>
      <attribute name="documentation" value="http://www.apache.org/"/>
    </capability>
    <capability namespace="osgi.wiring.bundle">
      <attribute name="bundle-version" value="1.0.10" type="Version"/>
      <attribute name="osgi.wiring.bundle" value="org.apache.felix.gogo.runtime"/>
    </capability>
    <capability namespace="osgi.wiring.host">
      <attribute name="bundle-version" value="1.0.10" type="Version"/>
      <attribute name="osgi.wiring.host" value="org.apache.felix.gogo.runtime"/>
    </capability>
    <capability namespace="osgi.wiring.package">
      <attribute name="version" value="1.0.0" type="Version"/>
      <attribute name="osgi.wiring.package" value="org.apache.felix.service.command"/>
    </capability>
    <capability namespace="osgi.wiring.package">
      <attribute name="version" value="1.0.0" type="Version"/>
      <attribute name="osgi.wiring.package" value="org.apache.felix.service.threadio"/>
    </capability>
    <capability namespace="osgi.wiring.package">
      <directive name="uses" value="org.apache.felix.service.command,org.apache.felix.service.threadio,org.osgi.framework"/>
      <attribute name="version" value="1.0.10" type="Version"/>
      <attribute name="osgi.wiring.package" value="org.apache.felix.gogo.runtime"/>
    </capability>
    <capability namespace="osgi.wiring.package">
      <directive name="uses" value="org.apache.felix.gogo.runtime,org.apache.felix.service.command,org.apache.felix.service.threadio,org.osgi.framework"/>
      <attribute name="version" value="1.0.10" type="Version"/>
      <attribute name="osgi.wiring.package" value="org.apache.felix.gogo.runtime.activator"/>
    </capability>
    <capability namespace="osgi.wiring.package">
      <directive name="uses" value="org.apache.felix.service.threadio"/>
      <attribute name="version" value="1.0.10" type="Version"/>
      <attribute name="osgi.wiring.package" value="org.apache.felix.gogo.runtime.threadio"/>
    </capability>
    <capability namespace="osgi.service">
      <directive name="effective" value="active"/>
      <attribute name="objectClass" value="org.apache.felix.service.threadio.ThreadIO"/>
    </capability>
    <capability namespace="osgi.service">
      <directive name="effective" value="active"/>
      <attribute name="objectClass" value="org.apache.felix.service.command.CommandProcessor"/>
    </capability>
    <capability namespace="osgi.content">
      <attribute name="size" value="193802" type="Long"/>
      <attribute name="url" value="file:/Users/peterkir/.m2/repository/org/apache/felix/org.apache.felix.gogo.runtime/1.0.10/org.apache.felix.gogo.runtime-1.0.10.jar"/>
      <attribute name="mime" value="application/vnd.osgi.bundle"/>
      <attribute name="osgi.content" value="D581BBD9DC14F662382F3B209E1DB9D495595BF96AF4EE8E3976F0B57C90E224"/>
    </capability>
    <requirement namespace="osgi.wiring.package">
      <directive name="filter" value="(&amp;(osgi.wiring.package=org.osgi.service.event)(&amp;(version&gt;=1.3.0)(!(version&gt;=2.0.0))))"/>
      <directive name="resolution" value="optional"/>
    </requirement>
    <requirement namespace="osgi.wiring.package">
      <directive name="filter" value="(&amp;(osgi.wiring.package=org.apache.felix.gogo.runtime)(&amp;(version&gt;=1.0.0)(!(version&gt;=2.0.0))))"/>
    </requirement>
    <requirement namespace="osgi.wiring.package">
      <directive name="filter" value="(&amp;(osgi.wiring.package=org.apache.felix.gogo.runtime.threadio)(&amp;(version&gt;=1.0.0)(!(version&gt;=2.0.0))))"/>
    </requirement>
    <requirement namespace="osgi.wiring.package">
      <directive name="filter" value="(&amp;(osgi.wiring.package=org.apache.felix.service.command)(&amp;(version&gt;=1.0.0)(!(version&gt;=2.0.0))))"/>
    </requirement>
    <requirement namespace="osgi.wiring.package">
      <directive name="filter" value="(&amp;(osgi.wiring.package=org.apache.felix.service.threadio)(&amp;(version&gt;=1.0.0)(!(version&gt;=2.0.0))))"/>
    </requirement>
    <requirement namespace="osgi.wiring.package">
      <directive name="filter" value="(&amp;(osgi.wiring.package=org.osgi.framework)(&amp;(version&gt;=1.6.0)(!(version&gt;=2.0.0))))"/>
    </requirement>
    <requirement namespace="osgi.wiring.package">
      <directive name="filter" value="(&amp;(osgi.wiring.package=org.osgi.util.tracker)(&amp;(version&gt;=1.5.0)(!(version&gt;=2.0.0))))"/>
    </requirement>
    <requirement namespace="osgi.ee">
      <directive name="filter" value="(&amp;(osgi.ee=JavaSE)(version=1.7))"/>
    </requirement>
  </resource>
  <resource>
    <capability namespace="osgi.identity">
      <attribute name="license" value="http://www.apache.org/licenses/LICENSE-2.0.txt"/>
      <attribute name="osgi.identity" value="org.apache.felix.gogo.command"/>
      <attribute name="type" value="osgi.bundle"/>
      <attribute name="version" value="1.0.2" type="Version"/>
      <attribute name="documentation" value="http://www.apache.org/"/>
    </capability>
    <capability namespace="osgi.wiring.bundle">
      <attribute name="bundle-version" value="1.0.2" type="Version"/>
      <attribute name="osgi.wiring.bundle" value="org.apache.felix.gogo.command"/>
    </capability>
    <capability namespace="osgi.wiring.host">
      <attribute name="bundle-version" value="1.0.2" type="Version"/>
      <attribute name="osgi.wiring.host" value="org.apache.felix.gogo.command"/>
    </capability>
    <capability namespace="osgi.wiring.package">
      <directive name="uses" value="org.osgi.framework"/>
      <attribute name="version" value="1.3.0" type="Version"/>
      <attribute name="osgi.wiring.package" value="org.osgi.service.log"/>
    </capability>
    <capability namespace="osgi.content">
      <attribute name="size" value="46575" type="Long"/>
      <attribute name="url" value="file:/Users/peterkir/.m2/repository/org/apache/felix/org.apache.felix.gogo.command/1.0.2/org.apache.felix.gogo.command-1.0.2.jar"/>
      <attribute name="mime" value="application/vnd.osgi.bundle"/>
      <attribute name="osgi.content" value="015D5F435F682E30B173F625DF8032AC63A51545F7A5275A54AD95C8A6ADA73E"/>
    </capability>
    <requirement namespace="osgi.wiring.package">
      <directive name="filter" value="(&amp;(osgi.wiring.package=org.apache.felix.service.command)(&amp;(version&gt;=1.0.0)(!(version&gt;=2.0.0))))"/>
    </requirement>
    <requirement namespace="osgi.wiring.package">
      <directive name="filter" value="(&amp;(osgi.wiring.package=org.osgi.framework)(&amp;(version&gt;=1.5.0)(!(version&gt;=2.0.0))))"/>
    </requirement>
    <requirement namespace="osgi.wiring.package">
      <directive name="filter" value="(&amp;(osgi.wiring.package=org.osgi.framework.wiring)(&amp;(version&gt;=1.0.0)(!(version&gt;=2.0.0))))"/>
      <directive name="resolution" value="optional"/>
    </requirement>
    <requirement namespace="osgi.wiring.package">
      <directive name="filter" value="(&amp;(osgi.wiring.package=org.osgi.service.log)(&amp;(version&gt;=1.3.0)(!(version&gt;=2.0.0))))"/>
    </requirement>
    <requirement namespace="osgi.wiring.package">
      <directive name="filter" value="(&amp;(osgi.wiring.package=org.osgi.service.packageadmin)(&amp;(version&gt;=1.2.0)(!(version&gt;=2.0.0))))"/>
    </requirement>
    <requirement namespace="osgi.wiring.package">
      <directive name="filter" value="(&amp;(osgi.wiring.package=org.osgi.service.startlevel)(&amp;(version&gt;=1.1.0)(!(version&gt;=2.0.0))))"/>
    </requirement>
    <requirement namespace="osgi.ee">
      <directive name="filter" value="(&amp;(osgi.ee=JavaSE)(version=1.7))"/>
    </requirement>
  </resource>
</repository>
